<?xml version="1.0" encoding="UTF-8"?>
<!-- Generated by org.testng.reporters.JUnitReportReporter -->
<testsuite hostname="LAPTOP-JF75M5NU" failures="0" tests="1" name="com.test.searchTest" time="11.297" errors="0" timestamp="2024-01-21T17:01:20 IST" skipped="0">
  <testcase classname="com.test.searchTest" name="doSearch" time="11.297"/>
</testsuite> <!-- com.test.searchTest -->
