<?xml version="1.0" encoding="UTF-8"?>
<!-- Generated by org.testng.reporters.JUnitReportReporter -->
<testsuite hostname="LAPTOP-JF75M5NU" failures="0" tests="1" name="zoopla.zoopla.sampleTest" time="18.592" errors="0" timestamp="2024-01-10T17:35:56 IST" skipped="0">
  <testcase classname="zoopla.zoopla.sampleTest" name="f" time="18.592"/>
</testsuite> <!-- zoopla.zoopla.sampleTest -->
